<?xml version="1.0" encoding="UTF-8"?>
<!-- Generated by org.testng.reporters.JUnitXMLReporter -->
<testsuite ignored="0" hostname="LTIN285955" failures="0" tests="9" name="ChromeTest" time="71.976" errors="0" timestamp="2024-02-13T10:28:08 IST">
  <testcase classname="TestCases.TC001_HomePage" name="titleValidation" time="0.382"/>
  <testcase classname="TestCases.TC001_HomePage" name="clickOnUsedCars" time="7.165"/>
  <testcase classname="TestCases.TC002_UsedCars" name="popularModels" time="25.05"/>
  <testcase classname="TestCases.TC002_UsedCars" name="returnHomePage1" time="0.897"/>
  <testcase classname="TestCases.TC001_HomePage" name="clickOnUpcomingBikes" time="3.991"/>
  <testcase classname="TestCases.TC003_UpcomingBikePage" name="selectingManufacture" time="1.025"/>
  <testcase classname="TestCases.TC003_UpcomingBikePage" name="displayBikeDetails" time="8.997"/>
  <testcase classname="TestCases.TC003_UpcomingBikePage" name="returnHomePage2" time="1.02"/>
  <testcase classname="TestCases.TC001_HomePage" name="clickOnLoginSignUp" time="8.037"/>
</testsuite> <!-- ChromeTest -->
