<?xml version="1.0" encoding="UTF-8"?>
<!-- Generated by org.testng.reporters.JUnitXMLReporter -->
<testsuite ignored="0" hostname="LTIN285955" failures="0" tests="9" name="EdgeTest" time="78.256" errors="0" timestamp="2024-02-13T10:29:26 IST">
  <testcase classname="TestCases.TC001_HomePage" name="titleValidation" time="0.322"/>
  <testcase classname="TestCases.TC001_HomePage" name="clickOnUsedCars" time="8.673"/>
  <testcase classname="TestCases.TC002_UsedCars" name="popularModels" time="24.69"/>
  <testcase classname="TestCases.TC002_UsedCars" name="returnHomePage1" time="1.844"/>
  <testcase classname="TestCases.TC001_HomePage" name="clickOnUpcomingBikes" time="5.438"/>
  <testcase classname="TestCases.TC003_UpcomingBikePage" name="selectingManufacture" time="2.229"/>
  <testcase classname="TestCases.TC003_UpcomingBikePage" name="displayBikeDetails" time="8.732"/>
  <testcase classname="TestCases.TC003_UpcomingBikePage" name="returnHomePage2" time="1.646"/>
  <testcase classname="TestCases.TC001_HomePage" name="clickOnLoginSignUp" time="8.918"/>
</testsuite> <!-- EdgeTest -->
